<?xml version="1.0" encoding="UTF-8"?>
<!-- Generated by org.testng.reporters.JUnitXMLReporter -->
<testsuite hostname="DESKTOP-4316CV6" ignored="0" name="Test" tests="1" failures="1" timestamp="2020-09-20T19:07:21 BST" time="0.056" errors="0">
  <testcase name="TestVerifyHomepageTitle" time="0.005" classname="com.meghana.practice.salesforcetest.SalsForceHomePageTest">
    <failure type="java.lang.NullPointerException">
      <![CDATA[java.lang.NullPointerException
at com.meghana.practice.salesforcetest.SalsForceHomePageTest.TestVerifyHomepageTitle(SalsForceHomePageTest.java:25)
at java.util.ArrayList.forEach(Unknown Source)
... Removed 27 stack frames]]>
    </failure>
  </testcase> <!-- TestVerifyHomepageTitle -->
</testsuite> <!-- Test -->
